<?xml version="1.0" encoding="UTF-8"?>
<!-- Generated by org.testng.reporters.JUnitReportReporter -->
<testsuite hostname="DESKTOP-PMEASQ5" name="E2EProject.Framework.ValidateNavigationBarTest" tests="1" failures="0" timestamp="15 Feb 2021 10:53:37 GMT" time="0.377" errors="0">
  <testcase name="ValidatenavigationBar" time="0.377" classname="E2EProject.Framework.ValidateNavigationBarTest"/>
</testsuite> <!-- E2EProject.Framework.ValidateNavigationBarTest -->
