<?xml version="1.0" encoding="UTF-8"?>
<!-- Generated by org.testng.reporters.JUnitReportReporter -->
<testsuite hostname="DESKTOP-PMEASQ5" name="E2EProject.Framework.storePageElementTest" tests="1" failures="0" timestamp="15 Feb 2021 08:51:22 GMT" time="0.732" errors="0">
  <testcase name="storePageElement" time="0.732" classname="E2EProject.Framework.storePageElementTest"/>
</testsuite> <!-- E2EProject.Framework.storePageElementTest -->
