<?xml version="1.0" encoding="UTF-8"?>
<!-- Generated by org.testng.reporters.JUnitReportReporter -->
<testsuite hostname="DESKTOP-PMEASQ5" name="E2EProject.Framework.HomePageTest" tests="1" failures="0" timestamp="15 Feb 2021 08:51:22 GMT" time="2.520" errors="0">
  <testcase name="basePageNavigation" time="2.520" classname="E2EProject.Framework.HomePageTest"/>
</testsuite> <!-- E2EProject.Framework.HomePageTest -->
