<?xml version="1.0" encoding="UTF-8"?>
<!-- Generated by org.testng.reporters.JUnitReportReporter -->
<testsuite hostname="DESKTOP-PMEASQ5" name="E2EProject.Framework.ValidateNavigationBar" tests="1" failures="0" timestamp="14 Feb 2021 07:49:43 GMT" time="0.142" errors="0">
  <testcase name="ValidatenavigationBar" time="0.142" classname="E2EProject.Framework.ValidateNavigationBar"/>
</testsuite> <!-- E2EProject.Framework.ValidateNavigationBar -->
