<?xml version="1.0" encoding="UTF-8"?>
<!-- Generated by org.testng.reporters.JUnitReportReporter -->
<testsuite hostname="DESKTOP-PMEASQ5" name="E2EProject.Framework.storePageElements" tests="1" failures="0" timestamp="12 Feb 2021 10:08:32 GMT" time="3.204" errors="0">
  <testcase name="storePageElement" time="3.204" classname="E2EProject.Framework.storePageElements"/>
</testsuite> <!-- E2EProject.Framework.storePageElements -->
